2019-01-24 10:18:31.250  INFO 27264 --- [restartedMain] com.itqf.dtboot.TpApplication            : Starting TpApplication on DESKTOP-FQNLV34 with PID 27264 (started by DJ in E:\Program Files\feiq\Recv Files\tp1)
2019-01-24 10:18:31.259  INFO 27264 --- [restartedMain] com.itqf.dtboot.TpApplication            : The following profiles are active: dev
2019-01-24 10:18:31.552  INFO 27264 --- [restartedMain] .e.DevToolsPropertyDefaultsPostProcessor : Devtools property defaults active! Set 'spring.devtools.add-properties' to 'false' to disable
2019-01-24 10:18:31.553  INFO 27264 --- [restartedMain] .e.DevToolsPropertyDefaultsPostProcessor : For additional web related logging consider setting the 'logging.level.web' property to 'DEBUG'
2019-01-24 10:18:33.663  WARN 27264 --- [restartedMain] o.m.s.mapper.ClassPathMapperScanner      : No MyBatis mapper was found in '[com.itqf.dtboot]' package. Please check your configuration.
2019-01-24 10:18:34.596  INFO 27264 --- [restartedMain] trationDelegate$BeanPostProcessorChecker : Bean 'org.springframework.transaction.annotation.ProxyTransactionManagementConfiguration' of type [org.springframework.transaction.annotation.ProxyTransactionManagementConfiguration$$EnhancerBySpringCGLIB$$272357] is not eligible for getting processed by all BeanPostProcessors (for example: not eligible for auto-proxying)
2019-01-24 10:18:34.639  INFO 27264 --- [restartedMain] trationDelegate$BeanPostProcessorChecker : Bean 'org.springframework.hateoas.config.HateoasConfiguration' of type [org.springframework.hateoas.config.HateoasConfiguration$$EnhancerBySpringCGLIB$$7fa77089] is not eligible for getting processed by all BeanPostProcessors (for example: not eligible for auto-proxying)
2019-01-24 10:18:35.794  INFO 27264 --- [restartedMain] o.s.b.w.embedded.tomcat.TomcatWebServer  : Tomcat initialized with port(s): 8080 (http)
2019-01-24 10:18:35.956  INFO 27264 --- [restartedMain] o.apache.catalina.core.StandardService   : Starting service [Tomcat]
2019-01-24 10:18:35.956  INFO 27264 --- [restartedMain] org.apache.catalina.core.StandardEngine  : Starting Servlet engine: [Apache Tomcat/9.0.14]
2019-01-24 10:18:35.973  INFO 27264 --- [restartedMain] o.a.catalina.core.AprLifecycleListener   : The APR based Apache Tomcat Native library which allows optimal performance in production environments was not found on the java.library.path: [C:\Program Files\Java\jdk1.8.0_131\bin;C:\WINDOWS\Sun\Java\bin;C:\WINDOWS\system32;C:\WINDOWS;C:\Program Files (x86)\Common Files\Oracle\Java\javapath;C:\ProgramData\Oracle\Java\javapath;C:\Windows\system32;C:\Windows;C:\Windows\System32\Wbem;C:\Windows\System32\WindowsPowerShell\v1.0\;C:\Program Files (x86)\NVIDIA Corporation\PhysX\Common;C:\Program Files\nodejs\;"% ANDROID_SDK_HOME%\platform-tools;% ANDROID_SDK_HOME%\tool";E:\Git\Git\cmd;C:\WINDOWS\system32;C:\WINDOWS;C:\WINDOWS\System32\Wbem;C:\WINDOWS\System32\WindowsPowerShell\v1.0\;C:\WINDOWS\System32\OpenSSH\;C:\Program Files\Java\jdk1.8.0_131\bin;C:\Program Files\Java\jdk1.8.0_131\jre\bin;C:\Program Files\MySQL\MySQL Server 8.0\bin;E:\git\Git\cmd;E:\maven\apache-maven-3.6.0\bin;E:\svn\bin;E:\svntools\bin;E:\apache-cxf\apache-cxf-3.2.4\bin;C:\Program Files\Java\jdk1.8.0_131\bin;C:\Users\DJ\AppData\Local\Microsoft\WindowsApps;C:\Users\DJ\AppData\Roaming\npm;.]
2019-01-24 10:18:36.294  INFO 27264 --- [restartedMain] o.a.c.c.C.[Tomcat].[localhost].[/]       : Initializing Spring embedded WebApplicationContext
2019-01-24 10:18:36.295  INFO 27264 --- [restartedMain] o.s.web.context.ContextLoader            : Root WebApplicationContext: initialization completed in 4742 ms
2019-01-24 10:18:36.740  INFO 27264 --- [restartedMain] o.s.s.concurrent.ThreadPoolTaskExecutor  : Initializing ExecutorService 'applicationTaskExecutor'
2019-01-24 10:18:36.916  WARN 27264 --- [restartedMain] ion$DefaultTemplateResolverConfiguration : Cannot find template location: classpath:/templates/ (please add some templates or check your Thymeleaf configuration)
2019-01-24 10:18:37.566  INFO 27264 --- [restartedMain] com.alibaba.druid.pool.DruidDataSource   : {dataSource-1} inited
2019-01-24 10:18:38.231  INFO 27264 --- [restartedMain] org.quartz.impl.StdSchedulerFactory      : Using default implementation for ThreadExecutor
2019-01-24 10:18:38.244  INFO 27264 --- [restartedMain] org.quartz.core.SchedulerSignalerImpl    : Initialized Scheduler Signaller of type: class org.quartz.core.SchedulerSignalerImpl
2019-01-24 10:18:38.244  INFO 27264 --- [restartedMain] org.quartz.core.QuartzScheduler          : Quartz Scheduler v.2.3.0 created.
2019-01-24 10:18:38.245  INFO 27264 --- [restartedMain] org.quartz.simpl.RAMJobStore             : RAMJobStore initialized.
2019-01-24 10:18:38.246  INFO 27264 --- [restartedMain] org.quartz.core.QuartzScheduler          : Scheduler meta-data: Quartz Scheduler (v2.3.0) 'quartzScheduler' with instanceId 'NON_CLUSTERED'
  Scheduler class: 'org.quartz.core.QuartzScheduler' - running locally.
  NOT STARTED.
  Currently in standby mode.
  Number of jobs executed: 0
  Using thread pool 'org.quartz.simpl.SimpleThreadPool' - with 10 threads.
  Using job-store 'org.quartz.simpl.RAMJobStore' - which does not support persistence. and is not clustered.

2019-01-24 10:18:38.246  INFO 27264 --- [restartedMain] org.quartz.impl.StdSchedulerFactory      : Quartz scheduler 'quartzScheduler' initialized from an externally provided properties instance.
2019-01-24 10:18:38.246  INFO 27264 --- [restartedMain] org.quartz.impl.StdSchedulerFactory      : Quartz scheduler version: 2.3.0
2019-01-24 10:18:38.246  INFO 27264 --- [restartedMain] org.quartz.core.QuartzScheduler          : JobFactory set to: org.springframework.scheduling.quartz.SpringBeanJobFactory@7f989c7b
2019-01-24 10:18:38.350  INFO 27264 --- [restartedMain] o.s.b.d.a.OptionalLiveReloadServer       : LiveReload server is running on port 35729
2019-01-24 10:18:38.376  INFO 27264 --- [restartedMain] o.s.s.quartz.SchedulerFactoryBean        : Starting Quartz Scheduler now
2019-01-24 10:18:38.376  INFO 27264 --- [restartedMain] org.quartz.core.QuartzScheduler          : Scheduler quartzScheduler_$_NON_CLUSTERED started.
2019-01-24 10:18:38.444  INFO 27264 --- [restartedMain] o.s.b.w.embedded.tomcat.TomcatWebServer  : Tomcat started on port(s): 8080 (http) with context path ''
2019-01-24 10:18:38.447  INFO 27264 --- [restartedMain] com.itqf.dtboot.TpApplication            : Started TpApplication in 9.312 seconds (JVM running for 11.685)
